TN:
SF:lib/config.ts
FNF:5
FNH:5
DA:1,50
DA:4,31
DA:5,24
DA:6,51
DA:7,34
DA:8,34
DA:9,42
DA:10,35
DA:11,38
DA:12,37
DA:13,33
DA:14,36
DA:15,38
DA:17,23
DA:19,19
DA:20,14
DA:21,15
DA:22,2
DA:24,28
DA:25,60
DA:28,19
DA:29,14
DA:30,15
DA:31,2
DA:33,46
DA:34,100
DA:35,11
DA:36,2
DA:38,101
DA:39,12
DA:40,2
DA:42,15
DA:45,11
DA:46,33
DA:49,11
DA:50,22
DA:51,19
DA:52,2
DA:54,20
DA:55,85
DA:56,82
DA:57,77
DA:58,75
DA:59,97
DA:60,94
DA:61,34
DA:62,87
DA:63,6
DA:64,94
DA:65,109
DA:66,106
DA:67,97
DA:68,97
DA:69,89
DA:70,4
DA:72,20
DA:75,11
DA:76,21
LF:58
LH:58
end_of_record
TN:
SF:lib/errors.ts
FNF:6
FNH:6
DA:6,1
DA:8,95
DA:9,38
DA:10,58
DA:11,42
DA:12,54
DA:13,65
DA:15,2
DA:17,99
DA:18,51
DA:19,166
DA:20,67
DA:22,2
DA:24,113
DA:25,71
DA:26,28
DA:27,42
DA:28,54
DA:29,54
DA:30,60
DA:31,5
DA:32,3
DA:34,31
DA:35,14
DA:36,25
DA:37,24
DA:38,4
DA:39,3
DA:41,12
DA:42,23
DA:43,22
DA:44,5
DA:47,70
DA:48,24
DA:49,36
DA:50,18
DA:51,24
DA:52,10
DA:53,6
DA:56,134
DA:57,24
DA:58,38
DA:59,84
DA:60,24
DA:61,10
DA:62,6
DA:65,66
DA:66,127
DA:67,123
DA:68,5
DA:70,27
LF:51
LH:51
end_of_record
TN:
SF:lib/http-client.ts
FNF:19
FNH:13
DA:1,40
DA:2,58
DA:3,49
DA:17,30
DA:18,28
DA:19,22
DA:21,11
DA:22,35
DA:23,0
DA:24,2
DA:26,22
DA:27,0
DA:28,2
DA:30,30
DA:33,0
DA:34,0
DA:35,0
DA:39,0
DA:43,13
DA:44,37
DA:45,10
DA:46,0
DA:47,2
DA:49,9
DA:50,24
DA:51,11
DA:52,11
DA:56,10
DA:57,30
DA:58,11
DA:59,0
DA:61,0
DA:64,10
DA:65,15
DA:66,0
DA:67,2
DA:69,32
DA:70,24
DA:71,18
DA:72,0
DA:74,0
DA:75,0
DA:76,0
DA:79,6
DA:80,51
DA:81,40
DA:82,9
DA:83,0
DA:84,1
DA:87,27
DA:88,29
DA:90,25
DA:91,0
DA:92,2
DA:94,37
DA:95,0
DA:96,2
DA:98,69
DA:99,37
DA:100,2
DA:102,8
DA:105,17
DA:106,25
DA:109,14
DA:110,45
DA:111,17
DA:112,11
DA:113,2
DA:115,35
DA:116,0
DA:117,0
DA:118,2
DA:121,33
DA:122,38
DA:123,19
DA:126,44
DA:127,20
DA:128,0
DA:129,2
DA:131,32
DA:132,0
DA:133,2
DA:135,52
DA:137,39
DA:138,0
DA:139,0
DA:140,0
DA:141,0
DA:142,0
DA:143,2
DA:146,0
DA:147,0
DA:148,0
DA:149,0
DA:150,0
DA:151,0
DA:152,0
DA:153,0
DA:154,1
DA:157,17
DA:158,29
DA:159,41
DA:160,40
DA:161,52
DA:162,80
DA:163,34
DA:164,58
DA:165,62
DA:166,44
DA:168,67
DA:169,44
DA:170,18
DA:171,13
DA:172,2
DA:173,2
DA:175,16
DA:177,64
DA:178,78
DA:179,43
DA:180,50
DA:182,11
DA:183,43
DA:184,15
DA:185,34
DA:186,20
DA:187,56
DA:188,48
DA:189,47
DA:190,29
DA:191,10
DA:192,78
DA:193,9
DA:195,56
DA:197,26
DA:198,51
DA:199,6
DA:201,31
DA:202,76
DA:203,47
DA:204,0
DA:205,8
DA:207,33
DA:208,36
DA:209,21
DA:210,10
DA:212,73
DA:213,90
DA:214,8
DA:216,20
DA:217,0
DA:219,0
DA:220,0
DA:221,0
DA:222,0
DA:224,0
DA:225,0
DA:226,0
DA:228,1
DA:229,21
DA:230,24
DA:231,49
DA:232,0
DA:233,0
DA:234,0
DA:235,6
DA:236,14
DA:237,7
DA:238,28
DA:239,24
DA:241,2
DA:243,15
LF:171
LH:125
end_of_record
TN:
SF:lib/normalize.ts
FNF:2
FNH:2
DA:1,58
DA:3,16
DA:4,16
DA:5,9
DA:6,2
DA:8,31
DA:9,18
DA:10,9
DA:11,2
DA:13,34
DA:14,9
DA:15,2
DA:17,15
DA:20,16
DA:21,16
DA:22,9
DA:23,2
DA:25,31
DA:26,18
DA:27,9
DA:28,2
DA:30,51
DA:31,29
DA:32,14
DA:33,2
DA:35,15
LF:26
LH:26
end_of_record
TN:
SF:lib/serializer.ts
FNF:5
FNH:5
DA:1,23
DA:2,47
DA:3,6
DA:4,2
DA:6,22
DA:7,26
DA:8,6
DA:9,2
DA:11,59
DA:14,49
DA:15,41
DA:16,30
DA:17,90
DA:19,32
DA:20,39
DA:21,48
DA:22,69
DA:23,17
DA:24,69
DA:26,8
DA:27,6
DA:28,4
DA:30,46
DA:31,54
DA:32,6
DA:33,4
DA:35,49
DA:36,6
DA:37,4
DA:39,60
DA:40,6
DA:41,4
DA:44,43
DA:45,4
DA:48,17
DA:49,17
DA:50,9
DA:51,2
DA:53,35
DA:54,27
DA:55,9
DA:56,2
DA:58,19
DA:59,31
DA:61,28
DA:62,9
DA:63,2
DA:65,22
LF:48
LH:48
end_of_record
TN:
SF:lib/trace.ts
FNF:1
FNH:1
DA:1,11
DA:2,39
DA:3,57
DA:4,26
LF:4
LH:4
end_of_record
TN:
SF:src/core/address.ts
FNF:18
FNH:18
DA:1,51
DA:2,51
DA:26,93
DA:28,21
DA:29,36
DA:30,22
DA:31,14
DA:32,40
DA:33,16
DA:34,50
DA:35,30
DA:36,5
DA:37,4
DA:38,23
DA:41,21
DA:42,36
DA:43,22
DA:44,14
DA:45,41
DA:46,16
DA:47,50
DA:48,30
DA:49,5
DA:50,4
DA:51,24
DA:54,16
DA:55,36
DA:56,43
DA:58,22
DA:59,14
DA:60,38
DA:61,16
DA:62,47
DA:63,44
DA:64,5
DA:65,4
DA:66,29
DA:69,16
DA:70,36
DA:71,43
DA:73,22
DA:74,14
DA:75,38
DA:76,16
DA:77,47
DA:78,47
DA:79,42
DA:80,30
DA:81,5
DA:82,4
DA:83,29
DA:86,6
DA:87,7
DA:88,3
DA:89,36
DA:90,43
DA:92,22
DA:93,14
DA:94,42
DA:95,16
DA:96,47
DA:97,47
DA:98,42
DA:99,30
DA:100,5
DA:101,4
DA:102,33
DA:105,6
DA:106,7
DA:107,3
DA:108,36
DA:109,43
DA:111,22
DA:112,14
DA:113,41
DA:114,16
DA:115,47
DA:116,47
DA:117,29
DA:118,38
DA:119,30
DA:120,5
DA:121,4
DA:122,32
DA:125,6
DA:126,7
DA:127,3
DA:128,36
DA:129,43
DA:131,22
DA:132,14
DA:133,48
DA:134,16
DA:135,47
DA:136,44
DA:137,5
DA:138,4
DA:139,31
DA:142,6
DA:143,7
DA:144,3
DA:145,36
DA:146,59
DA:148,22
DA:149,14
DA:150,47
DA:151,16
DA:152,47
DA:153,63
DA:154,42
DA:155,30
DA:156,5
DA:157,4
DA:158,30
DA:161,16
DA:162,36
DA:163,43
DA:165,22
DA:166,14
DA:167,45
DA:168,16
DA:169,47
DA:170,44
DA:171,5
DA:172,4
DA:173,29
LF:126
LH:126
end_of_record
TN:
SF:src/core/blockchain.ts
FNF:26
FNH:26
DA:1,51
DA:2,63
DA:24,77
DA:26,21
DA:27,35
DA:28,36
DA:29,14
DA:30,41
DA:31,16
DA:32,50
DA:33,33
DA:34,34
DA:35,5
DA:36,7
DA:38,16
DA:39,21
DA:42,21
DA:43,25
DA:44,10
DA:45,17
DA:46,43
DA:47,3
DA:50,16
DA:51,35
DA:52,51
DA:54,36
DA:55,14
DA:56,46
DA:57,16
DA:58,47
DA:59,36
DA:60,5
DA:61,7
DA:63,16
DA:64,27
DA:67,21
DA:68,35
DA:69,36
DA:70,14
DA:71,47
DA:72,16
DA:73,50
DA:74,33
DA:75,43
DA:76,39
DA:77,31
DA:78,35
DA:79,28
DA:80,5
DA:81,7
DA:83,16
DA:84,27
DA:87,6
DA:88,12
DA:89,3
DA:90,31
DA:91,10
DA:92,17
DA:93,43
DA:94,3
DA:97,16
DA:98,35
DA:99,55
DA:101,36
DA:102,14
DA:103,52
DA:104,16
DA:105,47
DA:106,43
DA:107,36
DA:108,5
DA:109,7
DA:111,16
DA:112,33
DA:115,6
DA:116,12
DA:117,3
DA:118,35
DA:119,36
DA:120,14
DA:121,21
DA:122,53
DA:123,18
DA:124,14
DA:125,44
DA:126,5
DA:127,7
DA:129,16
DA:130,34
DA:133,6
DA:134,12
DA:135,3
DA:136,35
DA:137,36
DA:138,14
DA:139,21
DA:140,55
DA:141,18
DA:142,14
DA:143,44
DA:144,5
DA:145,7
DA:147,16
DA:148,37
DA:151,16
DA:152,35
DA:153,37
DA:154,65
DA:155,56
DA:156,0
DA:157,4
DA:159,36
DA:160,14
DA:161,21
DA:162,52
DA:163,18
DA:164,14
DA:165,44
DA:166,5
DA:167,7
DA:169,16
DA:170,33
DA:173,16
DA:174,35
DA:175,59
DA:177,36
DA:178,14
DA:179,21
DA:180,44
DA:181,18
DA:182,14
DA:183,47
DA:184,50
DA:185,30
DA:186,5
DA:187,7
DA:189,16
DA:190,24
LF:138
LH:137
end_of_record
TN:
SF:src/core/common.ts
FNF:5
FNH:5
DA:1,59
DA:2,48
DA:3,76
DA:4,51
DA:12,6
DA:13,8
DA:14,13
DA:15,3
DA:16,34
DA:18,9
DA:19,41
DA:20,44
DA:21,19
DA:22,42
DA:26,18
DA:27,29
DA:28,58
DA:31,18
DA:32,33
DA:35,16
DA:36,29
DA:37,19
DA:38,27
DA:39,21
DA:40,33
DA:41,32
DA:42,4
DA:44,39
DA:45,62
DA:46,0
DA:47,4
DA:48,36
DA:49,2
DA:51,44
DA:52,73
DA:53,0
DA:54,4
DA:55,79
DA:56,2
DA:58,15
DA:59,7
DA:60,1
LF:42
LH:40
end_of_record
TN:
SF:src/core/nft.ts
FNF:16
FNH:16
DA:1,51
DA:2,51
DA:23,93
DA:25,6
DA:26,12
DA:27,3
DA:28,36
DA:29,22
DA:30,14
DA:31,49
DA:32,16
DA:33,50
DA:34,33
DA:35,27
DA:36,31
DA:37,51
DA:38,29
DA:39,39
DA:40,39
DA:41,42
DA:42,5
DA:43,4
DA:44,30
DA:47,6
DA:48,7
DA:49,3
DA:50,36
DA:51,61
DA:53,22
DA:54,14
DA:55,51
DA:56,16
DA:57,47
DA:58,46
DA:59,5
DA:60,4
DA:61,36
DA:64,16
DA:65,36
DA:66,61
DA:68,22
DA:69,14
DA:70,43
DA:71,16
DA:72,47
DA:73,49
DA:74,45
DA:75,50
DA:76,30
DA:77,5
DA:78,4
DA:79,28
DA:82,16
DA:83,36
DA:84,61
DA:86,22
DA:87,14
DA:88,41
DA:89,16
DA:90,47
DA:91,49
DA:92,48
DA:93,30
DA:94,5
DA:95,4
DA:96,26
DA:99,16
DA:100,36
DA:101,61
DA:103,22
DA:104,14
DA:105,43
DA:106,16
DA:107,47
DA:108,49
DA:109,48
DA:110,30
DA:111,5
DA:112,4
DA:113,28
DA:116,16
DA:117,36
DA:118,41
DA:120,22
DA:121,14
DA:122,45
DA:123,16
DA:124,47
DA:125,26
DA:126,5
DA:127,4
DA:128,30
DA:131,6
DA:132,7
DA:133,3
DA:134,36
DA:135,41
DA:137,22
DA:138,14
DA:139,46
DA:140,16
DA:141,47
DA:142,29
DA:143,30
DA:144,30
DA:145,5
DA:146,4
DA:147,31
DA:150,6
DA:151,7
DA:152,3
DA:153,36
DA:154,41
DA:156,22
DA:157,14
DA:158,47
DA:159,16
DA:160,47
DA:161,32
DA:162,30
DA:163,5
DA:164,4
DA:165,31
LF:123
LH:123
end_of_record
TN:
SF:src/core/search.ts
FNF:6
FNH:6
DA:1,51
DA:2,51
DA:5,74
DA:7,21
DA:8,35
DA:9,36
DA:10,14
DA:11,42
DA:12,16
DA:13,44
DA:14,5
DA:15,7
DA:17,16
DA:18,25
DA:21,16
DA:22,35
DA:23,43
DA:25,36
DA:26,14
DA:27,41
DA:28,16
DA:29,47
DA:30,54
DA:31,42
DA:32,39
DA:33,5
DA:34,7
DA:36,16
DA:37,16
LF:29
LH:29
end_of_record
TN:
SF:src/core/statistics.ts
FNF:37
FNH:37
DA:9,51
DA:10,51
DA:18,57
DA:20,11
DA:21,15
DA:22,10
DA:23,40
DA:24,1
DA:27,1
DA:28,6
DA:29,12
DA:30,14
DA:31,3
DA:32,35
DA:33,36
DA:34,14
DA:35,11
DA:36,29
DA:37,7
DA:39,16
DA:40,13
DA:43,1
DA:44,6
DA:45,7
DA:46,14
DA:47,3
DA:48,35
DA:49,47
DA:50,43
DA:52,36
DA:53,14
DA:54,11
DA:55,29
DA:56,7
DA:58,16
DA:59,14
DA:62,21
DA:63,102
DA:66,21
DA:67,98
DA:70,21
DA:71,109
DA:74,6
DA:75,12
DA:76,3
DA:77,113
DA:80,21
DA:81,101
DA:84,21
DA:85,101
DA:88,21
DA:89,88
DA:92,21
DA:93,101
DA:96,6
DA:97,12
DA:98,3
DA:99,114
DA:102,21
DA:103,89
DA:106,21
DA:107,99
DA:110,21
DA:111,95
DA:114,6
DA:115,12
DA:116,3
DA:117,107
DA:120,21
DA:121,101
DA:124,21
DA:125,104
DA:128,21
DA:129,99
DA:132,21
DA:133,103
DA:136,21
DA:137,103
DA:140,21
DA:141,97
DA:144,21
DA:145,90
DA:148,21
DA:149,90
DA:152,21
DA:153,84
DA:156,6
DA:157,12
DA:158,3
DA:159,114
DA:162,21
DA:163,86
DA:166,6
DA:167,7
DA:168,3
DA:169,118
DA:172,6
DA:173,7
DA:174,3
DA:175,118
DA:178,21
DA:179,94
DA:182,36
DA:183,22
DA:184,20
DA:185,25
DA:186,27
DA:187,21
DA:188,21
DA:189,15
DA:190,21
DA:191,27
DA:192,15
DA:193,20
DA:194,18
DA:195,24
DA:196,21
DA:197,22
DA:198,20
DA:199,22
DA:200,22
DA:201,19
DA:202,16
DA:203,16
DA:204,13
DA:205,27
DA:206,14
DA:207,25
DA:208,25
DA:209,16
DA:210,2
DA:215,40
DA:216,42
DA:217,38
DA:218,48
DA:219,52
DA:220,40
DA:221,40
DA:222,28
DA:223,40
DA:224,52
DA:225,28
DA:226,38
DA:227,34
DA:228,46
DA:229,40
DA:230,42
DA:231,38
DA:232,42
DA:233,42
DA:234,36
DA:235,30
DA:236,30
DA:237,24
DA:238,52
DA:239,26
DA:240,64
DA:241,64
DA:242,32
DA:243,2
DA:245,16
DA:246,39
DA:247,56
DA:248,23
LF:164
LH:164
end_of_record
TN:
SF:src/core/token.ts
FNF:8
FNH:8
DA:1,51
DA:2,51
DA:5,93
DA:7,21
DA:8,36
DA:9,22
DA:10,14
DA:11,34
DA:12,16
DA:13,50
DA:14,33
DA:15,27
DA:16,31
DA:17,51
DA:18,29
DA:19,39
DA:20,39
DA:21,42
DA:22,5
DA:23,4
DA:24,21
DA:27,16
DA:28,36
DA:29,41
DA:31,22
DA:32,14
DA:33,36
DA:34,16
DA:35,47
DA:36,26
DA:37,5
DA:38,4
DA:39,27
DA:42,16
DA:43,36
DA:44,41
DA:46,22
DA:47,14
DA:48,39
DA:49,16
DA:50,47
DA:51,29
DA:52,45
DA:53,49
DA:54,47
DA:55,27
DA:56,39
DA:57,48
DA:58,30
DA:59,5
DA:60,4
DA:61,30
DA:64,16
DA:65,36
DA:66,22
DA:67,14
DA:68,37
DA:69,16
DA:70,47
DA:71,29
DA:72,49
DA:73,47
DA:74,43
DA:75,45
DA:76,27
DA:77,31
DA:78,39
DA:79,43
DA:80,39
DA:81,62
DA:82,30
DA:83,5
DA:84,4
DA:85,27
LF:74
LH:74
end_of_record
TN:
SF:src/mcp/output.ts
FNF:2
FNH:2
DA:1,48
DA:3,55
DA:5,69
DA:8,1
DA:9,7
DA:10,8
DA:11,10
DA:12,3
DA:13,30
DA:14,34
DA:15,2
DA:17,49
DA:20,40
DA:21,29
DA:22,51
DA:23,51
DA:25,74
DA:26,66
DA:27,13
DA:28,13
DA:29,34
DA:30,5
DA:31,33
DA:32,87
DA:33,20
DA:34,14
DA:35,18
DA:36,21
DA:37,21
DA:38,5
DA:39,4
DA:40,2
DA:41,54
DA:43,12
DA:44,16
DA:45,9
DA:46,21
DA:47,22
DA:48,5
DA:49,3
DA:50,1
LF:41
LH:41
end_of_record
TN:
SF:src/tooling/mcp-output-governance.ts
FNF:12
FNH:12
DA:14,11
DA:15,75
DA:18,11
DA:19,25
DA:20,0
DA:21,0
DA:22,0
DA:23,0
DA:24,0
DA:25,2
DA:27,25
DA:28,36
DA:29,14
DA:30,21
DA:31,11
DA:32,25
DA:33,1
DA:34,0
DA:36,0
DA:37,0
DA:38,0
DA:39,0
DA:42,21
DA:43,30
DA:44,96
DA:45,96
DA:47,14
DA:48,52
DA:49,27
DA:50,1
DA:51,2
DA:53,25
DA:54,26
DA:55,20
DA:57,60
DA:58,56
DA:59,20
DA:60,0
DA:61,6
DA:62,28
DA:63,4
DA:65,14
DA:66,18
DA:67,13
DA:68,1
DA:69,2
DA:71,12
DA:72,10
DA:73,18
DA:74,1
DA:77,23
DA:78,15
DA:79,0
DA:80,2
DA:82,21
DA:83,0
DA:84,2
DA:86,28
DA:87,18
DA:88,11
DA:91,17
DA:92,25
DA:93,17
DA:94,12
DA:95,8
DA:96,1
DA:97,0
DA:99,0
DA:100,0
DA:101,0
DA:102,0
DA:105,11
DA:106,9
DA:107,37
DA:108,0
DA:109,0
DA:113,17
DA:114,25
DA:115,14
DA:116,29
DA:117,29
DA:118,46
DA:119,25
DA:120,8
DA:121,1
DA:122,0
DA:124,0
DA:125,0
DA:126,0
DA:127,1
DA:130,6
DA:131,7
DA:132,9
DA:133,3
DA:134,49
DA:135,49
DA:136,63
DA:137,61
DA:139,25
DA:140,41
DA:141,13
DA:142,13
DA:143,67
DA:144,4
DA:146,63
DA:147,42
DA:149,38
DA:150,30
DA:151,18
DA:152,19
DA:153,6
DA:155,68
DA:156,40
DA:157,49
DA:158,2
DA:160,50
DA:163,6
DA:164,7
DA:165,10
DA:166,3
DA:167,46
DA:168,0
DA:169,2
DA:171,26
DA:172,31
DA:173,24
DA:175,80
DA:176,31
DA:177,57
DA:178,46
DA:179,21
DA:180,2
DA:181,2
DA:183,12
DA:184,17
DA:185,12
DA:186,18
DA:187,6
DA:188,11
DA:189,1
LF:140
LH:115
end_of_record
TN:
SF:src/tooling/tool-descriptors.ts
FNF:10
FNH:8
DA:1,24
DA:3,207
DA:14,238
DA:26,188
DA:36,61
DA:37,666
DA:68,97
DA:73,59
DA:74,63
DA:90,9
DA:100,3
DA:101,60
DA:103,12
DA:104,20
DA:105,26
DA:106,26
DA:107,28
DA:108,36
DA:109,36
DA:110,11
DA:111,11
DA:112,13
DA:113,50
DA:114,47
DA:115,1
DA:118,9
DA:127,3
DA:128,26
DA:129,11
DA:130,40
DA:131,3
DA:134,52
DA:136,35
DA:137,66
DA:138,65
DA:139,3
DA:141,27
DA:142,93
DA:143,75
DA:144,68
DA:145,63
DA:146,73
DA:147,84
DA:148,83
DA:149,2
DA:151,27
DA:152,93
DA:153,71
DA:154,65
DA:155,2
DA:157,36
DA:158,93
DA:159,60
DA:160,54
DA:161,2
DA:163,33
DA:164,37
DA:165,93
DA:166,71
DA:167,65
DA:168,2
DA:170,34
DA:171,16
DA:172,26
DA:173,21
DA:174,22
DA:175,39
DA:176,74
DA:177,20
DA:178,34
DA:179,6
DA:180,30
DA:181,25
DA:182,5
DA:183,16
DA:184,24
DA:185,21
DA:186,20
DA:187,31
DA:188,99
DA:189,20
DA:190,37
DA:191,53
DA:192,103
DA:193,71
DA:194,6
DA:195,20
DA:196,25
DA:197,5
DA:199,16
DA:200,29
DA:201,25
DA:202,21
DA:203,31
DA:204,48
DA:205,23
DA:206,23
DA:207,38
DA:208,6
DA:209,23
DA:210,25
DA:211,5
DA:212,16
DA:213,36
DA:214,25
DA:215,28
DA:216,38
DA:217,73
DA:218,20
DA:219,37
DA:220,50
DA:221,37
DA:222,43
DA:223,54
DA:224,50
DA:225,38
DA:226,6
DA:227,29
DA:228,25
DA:229,5
DA:230,16
DA:231,35
DA:232,25
DA:233,27
DA:234,37
DA:235,53
DA:236,20
DA:237,37
DA:238,58
DA:239,6
DA:240,25
DA:241,5
DA:242,16
DA:243,35
DA:244,25
DA:245,27
DA:246,37
DA:247,60
DA:248,23
DA:249,23
DA:250,43
DA:251,47
DA:252,37
DA:253,45
DA:254,40
DA:255,6
DA:256,29
DA:257,25
DA:258,5
DA:259,16
DA:260,42
DA:261,25
DA:262,34
DA:263,44
DA:264,85
DA:265,20
DA:266,37
DA:267,50
DA:268,37
DA:269,43
DA:270,54
DA:271,50
DA:272,43
DA:273,47
DA:274,37
DA:275,45
DA:276,40
DA:277,6
DA:278,35
DA:279,25
DA:280,5
DA:281,16
DA:282,41
DA:283,25
DA:284,33
DA:285,43
DA:286,61
DA:287,20
DA:288,37
DA:289,59
DA:290,44
DA:291,6
DA:292,31
DA:293,5
DA:294,16
DA:295,31
DA:296,25
DA:297,23
DA:298,44
DA:299,72
DA:300,20
DA:301,34
DA:302,6
DA:303,35
DA:304,25
DA:305,5
DA:306,16
DA:307,45
DA:308,25
DA:309,37
DA:310,47
DA:311,54
DA:312,20
DA:313,34
DA:314,6
DA:315,37
DA:316,25
DA:317,5
DA:318,16
DA:319,41
DA:320,25
DA:321,33
DA:322,43
DA:323,65
DA:324,20
DA:325,37
DA:326,51
DA:327,66
DA:328,6
DA:329,31
DA:330,5
DA:331,16
DA:332,33
DA:333,25
DA:334,25
DA:335,35
DA:336,64
DA:337,23
DA:338,23
DA:339,63
DA:340,37
DA:341,39
DA:342,43
DA:343,47
DA:344,52
DA:345,47
DA:346,6
DA:347,26
DA:348,25
DA:349,5
DA:351,16
DA:352,28
DA:353,22
DA:354,23
DA:355,33
DA:356,38
DA:357,23
DA:358,20
DA:359,6
DA:360,25
DA:361,25
DA:362,5
DA:363,16
DA:364,29
DA:365,22
DA:366,24
DA:367,34
DA:368,35
DA:369,23
DA:370,20
DA:371,6
DA:372,26
DA:373,25
DA:374,5
DA:375,16
DA:376,26
DA:377,22
DA:378,21
DA:379,39
DA:380,76
DA:381,20
DA:382,37
DA:383,74
DA:384,6
DA:385,27
DA:386,5
DA:387,16
DA:388,26
DA:389,22
DA:390,21
DA:391,39
DA:392,54
DA:393,23
DA:394,23
DA:395,46
DA:396,38
DA:397,6
DA:398,30
DA:399,25
DA:400,5
DA:401,16
DA:402,30
DA:403,22
DA:404,25
DA:405,43
DA:406,52
DA:407,23
DA:408,23
DA:409,46
DA:410,38
DA:411,6
DA:412,33
DA:413,25
DA:414,5
DA:415,16
DA:416,29
DA:417,22
DA:418,24
DA:419,42
DA:420,56
DA:421,23
DA:422,23
DA:423,46
DA:424,36
DA:425,68
DA:426,6
DA:427,33
DA:428,25
DA:429,5
DA:430,16
DA:431,36
DA:432,22
DA:433,31
DA:434,41
DA:435,55
DA:436,20
DA:437,37
DA:438,52
DA:439,6
DA:440,32
DA:441,25
DA:442,5
DA:443,16
DA:444,35
DA:445,22
DA:446,30
DA:447,40
DA:448,45
DA:449,23
DA:450,23
DA:451,37
DA:452,63
DA:453,44
DA:454,6
DA:455,31
DA:456,25
DA:457,5
DA:458,16
DA:459,35
DA:460,22
DA:461,30
DA:462,40
DA:463,58
DA:464,20
DA:465,37
DA:466,52
DA:467,6
DA:468,28
DA:469,5
DA:471,16
DA:472,22
DA:473,20
DA:474,19
DA:475,31
DA:476,32
DA:477,23
DA:478,23
DA:479,50
DA:480,46
DA:481,56
DA:482,36
DA:483,41
DA:484,41
DA:485,64
DA:486,6
DA:487,23
DA:488,25
DA:489,5
DA:490,16
DA:491,24
DA:492,20
DA:493,21
DA:494,37
DA:495,47
DA:496,20
DA:497,37
DA:498,47
DA:499,6
DA:500,25
DA:501,5
DA:502,16
DA:503,27
DA:504,20
DA:505,24
DA:506,40
DA:507,54
DA:508,23
DA:509,23
DA:510,50
DA:511,36
DA:512,46
DA:513,37
DA:514,50
DA:515,41
DA:516,64
DA:517,6
DA:518,31
DA:519,25
DA:520,5
DA:521,16
DA:522,25
DA:523,20
DA:524,22
DA:525,38
DA:526,38
DA:527,23
DA:528,23
DA:529,36
DA:530,46
DA:531,37
DA:532,43
DA:533,36
DA:534,50
DA:535,46
DA:536,50
DA:537,52
DA:538,41
DA:539,49
DA:540,6
DA:541,29
DA:542,25
DA:543,5
DA:545,16
DA:546,27
DA:547,18
DA:548,26
DA:549,40
DA:550,41
DA:551,23
DA:552,23
DA:553,50
DA:554,46
DA:555,56
DA:556,36
DA:557,41
DA:558,41
DA:559,64
DA:560,6
DA:561,31
DA:562,25
DA:563,5
DA:564,16
DA:565,33
DA:566,18
DA:567,32
DA:568,46
DA:569,46
DA:570,20
DA:571,37
DA:572,66
DA:573,6
DA:574,33
DA:575,5
DA:576,16
DA:577,25
DA:578,18
DA:579,24
DA:580,38
DA:581,59
DA:582,23
DA:583,23
DA:584,37
DA:585,69
DA:586,36
DA:587,34
DA:588,6
DA:589,29
DA:590,25
DA:591,5
DA:592,16
DA:593,23
DA:594,18
DA:595,22
DA:596,36
DA:597,57
DA:598,23
DA:599,23
DA:600,37
DA:601,69
DA:602,33
DA:603,6
DA:604,27
DA:605,25
DA:606,5
DA:607,16
DA:608,25
DA:609,18
DA:610,24
DA:611,38
DA:612,59
DA:613,23
DA:614,23
DA:615,37
DA:616,69
DA:617,33
DA:618,6
DA:619,29
DA:620,25
DA:621,5
DA:622,16
DA:623,27
DA:624,18
DA:625,26
DA:626,40
DA:627,50
DA:628,20
DA:629,37
DA:630,50
DA:631,6
DA:632,27
DA:633,5
DA:634,16
DA:635,28
DA:636,18
DA:637,27
DA:638,41
DA:639,55
DA:640,23
DA:641,23
DA:642,37
DA:643,53
DA:644,47
DA:645,6
DA:646,31
DA:647,25
DA:648,5
DA:649,16
DA:650,29
DA:651,18
DA:652,28
DA:653,42
DA:654,61
DA:655,23
DA:656,23
DA:657,37
DA:658,50
DA:659,6
DA:660,32
DA:661,25
DA:662,5
DA:664,16
DA:665,29
DA:666,25
DA:667,21
DA:668,35
DA:669,94
DA:670,40
DA:671,35
DA:672,25
DA:673,5
DA:675,34
DA:676,41
DA:677,25
DA:678,33
DA:679,54
DA:680,54
DA:681,34
DA:682,34
DA:683,25
DA:684,5
DA:685,34
DA:686,39
DA:687,25
DA:688,31
DA:689,52
DA:690,52
DA:691,34
DA:692,32
DA:693,25
DA:694,5
DA:695,34
DA:696,45
DA:697,25
DA:698,37
DA:699,58
DA:700,58
DA:701,34
DA:702,37
DA:703,25
DA:704,5
DA:705,34
DA:706,47
DA:707,25
DA:708,39
DA:709,60
DA:710,60
DA:711,34
DA:712,39
DA:713,25
DA:714,5
DA:715,34
DA:716,41
DA:717,25
DA:718,33
DA:719,54
DA:720,54
DA:721,34
DA:722,33
DA:723,25
DA:724,5
DA:725,34
DA:726,41
DA:727,25
DA:728,33
DA:729,54
DA:730,58
DA:731,34
DA:732,33
DA:733,25
DA:734,5
DA:735,34
DA:736,34
DA:737,25
DA:738,26
DA:739,47
DA:740,47
DA:741,34
DA:742,27
DA:743,25
DA:744,5
DA:745,34
DA:746,41
DA:747,25
DA:748,33
DA:749,54
DA:750,54
DA:751,34
DA:752,33
DA:753,25
DA:754,5
DA:755,34
DA:756,48
DA:757,25
DA:758,40
DA:759,61
DA:760,65
DA:761,34
DA:762,39
DA:763,25
DA:764,5
DA:765,34
DA:766,35
DA:767,25
DA:768,27
DA:769,48
DA:770,57
DA:771,34
DA:772,27
DA:773,25
DA:774,5
DA:775,34
DA:776,40
DA:777,25
DA:778,32
DA:779,53
DA:780,53
DA:781,34
DA:782,32
DA:783,25
DA:784,5
DA:785,34
DA:786,38
DA:787,25
DA:788,30
DA:789,51
DA:790,51
DA:791,34
DA:792,30
DA:793,25
DA:794,5
DA:795,34
DA:796,44
DA:797,25
DA:798,36
DA:799,57
DA:800,57
DA:801,34
DA:802,36
DA:803,25
DA:804,5
DA:805,34
DA:806,41
DA:807,25
DA:808,33
DA:809,54
DA:810,54
DA:811,34
DA:812,33
DA:813,25
DA:814,5
DA:815,34
DA:816,43
DA:817,25
DA:818,35
DA:819,56
DA:820,60
DA:821,34
DA:822,34
DA:823,25
DA:824,5
DA:825,34
DA:826,40
DA:827,25
DA:828,32
DA:829,53
DA:830,53
DA:831,34
DA:832,32
DA:833,25
DA:834,5
DA:835,34
DA:836,42
DA:837,25
DA:838,34
DA:839,55
DA:840,55
DA:841,34
DA:842,34
DA:843,25
DA:844,5
DA:845,34
DA:846,42
DA:847,25
DA:848,34
DA:849,55
DA:850,55
DA:851,34
DA:852,34
DA:853,25
DA:854,5
DA:855,34
DA:856,39
DA:857,25
DA:858,31
DA:859,52
DA:860,52
DA:861,34
DA:862,31
DA:863,25
DA:864,5
DA:865,34
DA:866,35
DA:867,25
DA:868,27
DA:869,48
DA:870,48
DA:871,34
DA:872,28
DA:873,25
DA:874,5
DA:875,34
DA:876,35
DA:877,25
DA:878,27
DA:879,48
DA:880,48
DA:881,34
DA:882,28
DA:883,25
DA:884,5
DA:885,34
DA:886,32
DA:887,25
DA:888,24
DA:889,45
DA:890,45
DA:891,34
DA:892,25
DA:893,25
DA:894,5
DA:895,34
DA:896,48
DA:897,25
DA:898,40
DA:899,61
DA:900,57
DA:901,34
DA:902,39
DA:903,25
DA:904,5
DA:905,34
DA:906,33
DA:907,25
DA:908,25
DA:909,46
DA:910,46
DA:911,34
DA:912,26
DA:913,25
DA:914,5
DA:915,34
DA:916,45
DA:917,25
DA:918,37
DA:919,58
DA:920,67
DA:921,43
DA:922,37
DA:923,25
DA:924,5
DA:925,34
DA:926,45
DA:927,25
DA:928,37
DA:929,58
DA:930,72
DA:931,43
DA:932,37
DA:933,25
DA:934,5
DA:935,34
DA:936,37
DA:937,25
DA:938,29
DA:939,50
DA:940,50
DA:941,34
DA:942,30
DA:943,25
DA:944,3
DA:945,2
DA:947,94
DA:949,99
DA:950,99
DA:951,109
DA:953,102
DA:954,106
LF:837
LH:837
end_of_record
